running egg_info
creating ../../build/odom_wheel/odom_wheel.egg-info
writing ../../build/odom_wheel/odom_wheel.egg-info/PKG-INFO
writing dependency_links to ../../build/odom_wheel/odom_wheel.egg-info/dependency_links.txt
writing entry points to ../../build/odom_wheel/odom_wheel.egg-info/entry_points.txt
writing requirements to ../../build/odom_wheel/odom_wheel.egg-info/requires.txt
writing top-level names to ../../build/odom_wheel/odom_wheel.egg-info/top_level.txt
writing manifest file '../../build/odom_wheel/odom_wheel.egg-info/SOURCES.txt'
reading manifest file '../../build/odom_wheel/odom_wheel.egg-info/SOURCES.txt'
writing manifest file '../../build/odom_wheel/odom_wheel.egg-info/SOURCES.txt'
running build
running build_py
creating /home/natthawe/agv_ws/build/odom_wheel/build
creating /home/natthawe/agv_ws/build/odom_wheel/build/lib
creating /home/natthawe/agv_ws/build/odom_wheel/build/lib/odom_wheel
copying odom_wheel/__init__.py -> /home/natthawe/agv_ws/build/odom_wheel/build/lib/odom_wheel
copying odom_wheel/odom_wheel_node.py -> /home/natthawe/agv_ws/build/odom_wheel/build/lib/odom_wheel
running install
running install_lib
creating /home/natthawe/agv_ws/install/odom_wheel/lib/python3.10/site-packages/odom_wheel
copying /home/natthawe/agv_ws/build/odom_wheel/build/lib/odom_wheel/__init__.py -> /home/natthawe/agv_ws/install/odom_wheel/lib/python3.10/site-packages/odom_wheel
copying /home/natthawe/agv_ws/build/odom_wheel/build/lib/odom_wheel/odom_wheel_node.py -> /home/natthawe/agv_ws/install/odom_wheel/lib/python3.10/site-packages/odom_wheel
byte-compiling /home/natthawe/agv_ws/install/odom_wheel/lib/python3.10/site-packages/odom_wheel/__init__.py to __init__.cpython-310.pyc
byte-compiling /home/natthawe/agv_ws/install/odom_wheel/lib/python3.10/site-packages/odom_wheel/odom_wheel_node.py to odom_wheel_node.cpython-310.pyc
running install_data
creating /home/natthawe/agv_ws/install/odom_wheel/share/ament_index
creating /home/natthawe/agv_ws/install/odom_wheel/share/ament_index/resource_index
creating /home/natthawe/agv_ws/install/odom_wheel/share/ament_index/resource_index/packages
copying resource/odom_wheel -> /home/natthawe/agv_ws/install/odom_wheel/share/ament_index/resource_index/packages
copying package.xml -> /home/natthawe/agv_ws/install/odom_wheel/share/odom_wheel
creating /home/natthawe/agv_ws/install/odom_wheel/share/odom_wheel/launch
running install_egg_info
Copying ../../build/odom_wheel/odom_wheel.egg-info to /home/natthawe/agv_ws/install/odom_wheel/lib/python3.10/site-packages/odom_wheel-1.0.0-py3.10.egg-info
running install_scripts
Installing odom_wheel script to /home/natthawe/agv_ws/install/odom_wheel/lib/odom_wheel
writing list of installed files to '/home/natthawe/agv_ws/build/odom_wheel/install.log'
