[0.917s] Invoking command in '/home/natthawe/agv_ws/src/odom_wheel': PYTHONPATH=/home/natthawe/agv_ws/build/odom_wheel/prefix_override:/home/natthawe/agv_ws/install/odom_wheel/lib/python3.10/site-packages:${PYTHONPATH} /usr/bin/python3 setup.py egg_info --egg-base ../../build/odom_wheel build --build-base /home/natthawe/agv_ws/build/odom_wheel/build install --record /home/natthawe/agv_ws/build/odom_wheel/install.log --single-version-externally-managed
[1.159s] running egg_info
[1.160s] creating ../../build/odom_wheel/odom_wheel.egg-info
[1.160s] writing ../../build/odom_wheel/odom_wheel.egg-info/PKG-INFO
[1.160s] writing dependency_links to ../../build/odom_wheel/odom_wheel.egg-info/dependency_links.txt
[1.160s] writing entry points to ../../build/odom_wheel/odom_wheel.egg-info/entry_points.txt
[1.160s] writing requirements to ../../build/odom_wheel/odom_wheel.egg-info/requires.txt
[1.160s] writing top-level names to ../../build/odom_wheel/odom_wheel.egg-info/top_level.txt
[1.160s] writing manifest file '../../build/odom_wheel/odom_wheel.egg-info/SOURCES.txt'
[1.162s] reading manifest file '../../build/odom_wheel/odom_wheel.egg-info/SOURCES.txt'
[1.164s] writing manifest file '../../build/odom_wheel/odom_wheel.egg-info/SOURCES.txt'
[1.164s] running build
[1.164s] running build_py
[1.164s] creating /home/natthawe/agv_ws/build/odom_wheel/build
[1.164s] creating /home/natthawe/agv_ws/build/odom_wheel/build/lib
[1.164s] creating /home/natthawe/agv_ws/build/odom_wheel/build/lib/odom_wheel
[1.164s] copying odom_wheel/__init__.py -> /home/natthawe/agv_ws/build/odom_wheel/build/lib/odom_wheel
[1.164s] copying odom_wheel/odom_wheel_node.py -> /home/natthawe/agv_ws/build/odom_wheel/build/lib/odom_wheel
[1.165s] running install
[1.165s] running install_lib
[1.166s] creating /home/natthawe/agv_ws/install/odom_wheel/lib/python3.10/site-packages/odom_wheel
[1.166s] copying /home/natthawe/agv_ws/build/odom_wheel/build/lib/odom_wheel/__init__.py -> /home/natthawe/agv_ws/install/odom_wheel/lib/python3.10/site-packages/odom_wheel
[1.166s] copying /home/natthawe/agv_ws/build/odom_wheel/build/lib/odom_wheel/odom_wheel_node.py -> /home/natthawe/agv_ws/install/odom_wheel/lib/python3.10/site-packages/odom_wheel
[1.167s] byte-compiling /home/natthawe/agv_ws/install/odom_wheel/lib/python3.10/site-packages/odom_wheel/__init__.py to __init__.cpython-310.pyc
[1.167s] byte-compiling /home/natthawe/agv_ws/install/odom_wheel/lib/python3.10/site-packages/odom_wheel/odom_wheel_node.py to odom_wheel_node.cpython-310.pyc
[1.168s] running install_data
[1.168s] creating /home/natthawe/agv_ws/install/odom_wheel/share/ament_index
[1.168s] creating /home/natthawe/agv_ws/install/odom_wheel/share/ament_index/resource_index
[1.168s] creating /home/natthawe/agv_ws/install/odom_wheel/share/ament_index/resource_index/packages
[1.168s] copying resource/odom_wheel -> /home/natthawe/agv_ws/install/odom_wheel/share/ament_index/resource_index/packages
[1.168s] copying package.xml -> /home/natthawe/agv_ws/install/odom_wheel/share/odom_wheel
[1.168s] creating /home/natthawe/agv_ws/install/odom_wheel/share/odom_wheel/launch
[1.168s] running install_egg_info
[1.170s] Copying ../../build/odom_wheel/odom_wheel.egg-info to /home/natthawe/agv_ws/install/odom_wheel/lib/python3.10/site-packages/odom_wheel-1.0.0-py3.10.egg-info
[1.171s] running install_scripts
[1.189s] Installing odom_wheel script to /home/natthawe/agv_ws/install/odom_wheel/lib/odom_wheel
[1.190s] writing list of installed files to '/home/natthawe/agv_ws/build/odom_wheel/install.log'
[1.216s] Invoked command in '/home/natthawe/agv_ws/src/odom_wheel' returned '0': PYTHONPATH=/home/natthawe/agv_ws/build/odom_wheel/prefix_override:/home/natthawe/agv_ws/install/odom_wheel/lib/python3.10/site-packages:${PYTHONPATH} /usr/bin/python3 setup.py egg_info --egg-base ../../build/odom_wheel build --build-base /home/natthawe/agv_ws/build/odom_wheel/build install --record /home/natthawe/agv_ws/build/odom_wheel/install.log --single-version-externally-managed
